17:56:12: Creating resource group General
17:56:12: Creating resource group Internal
17:56:12: Creating resource group Autodetect
17:56:12: Registering ResourceManager for type Mesh
17:56:12: Registering ResourceManager for type Material
17:56:12: Registering ResourceManager for type Skeleton
17:56:12: XMLMeshSerializer reading mesh data from C:\Users\Devin\Desktop\Meshes\transdec.mesh.xml...
17:56:12: Reading submeshes...
17:56:12: Reading geometry...
17:56:12: Geometry done...
17:56:12: Submeshes done.
17:56:12: XMLMeshSerializer import successful.
17:56:12: Reorganising vertex buffers to automatic layout..
17:56:12: MeshSerializer writing mesh data to C:\Users\Devin\Desktop\Meshes\transdec.mesh...
17:56:12: File header written.
17:56:12: Writing mesh data...
17:56:12: Writing submesh...
17:56:12: Exporting submesh texture aliases...
17:56:12: Submesh texture aliases exported.
17:56:12: Submesh exported.
17:56:12: Exporting bounds information....
17:56:12: Bounds information exported.
17:56:12: Exporting submesh name table...
17:56:12: Submesh name table exported.
17:56:12: Exporting edge lists...
17:56:12: Edge lists exported
17:56:12: Mesh data exported.
17:56:12: MeshSerializer export successful.
17:56:12: Unregistering ResourceManager for type Skeleton
17:56:13: Unregistering ResourceManager for type Material
17:56:13: Unregistering ResourceManager for type Mesh
